26-Feb-2015 09:42:42.349 INFO [main] org.apache.catalina.startup.VersionLoggerListener.log Server version:        Apache Tomcat/8.0.20
26-Feb-2015 09:42:42.350 INFO [main] org.apache.catalina.startup.VersionLoggerListener.log Server built:          Feb 15 2015 18:10:42 UTC
26-Feb-2015 09:42:42.351 INFO [main] org.apache.catalina.startup.VersionLoggerListener.log Server number:         8.0.20.0
26-Feb-2015 09:42:42.351 INFO [main] org.apache.catalina.startup.VersionLoggerListener.log OS Name:               Windows 7
26-Feb-2015 09:42:42.351 INFO [main] org.apache.catalina.startup.VersionLoggerListener.log OS Version:            6.1
26-Feb-2015 09:42:42.351 INFO [main] org.apache.catalina.startup.VersionLoggerListener.log Architecture:          x86
26-Feb-2015 09:42:42.352 INFO [main] org.apache.catalina.startup.VersionLoggerListener.log Java Home:             C:\Program Files\Java\jdk1.8.0_31\jre
26-Feb-2015 09:42:42.352 INFO [main] org.apache.catalina.startup.VersionLoggerListener.log JVM Version:           1.8.0_31-b13
26-Feb-2015 09:42:42.352 INFO [main] org.apache.catalina.startup.VersionLoggerListener.log JVM Vendor:            Oracle Corporation
26-Feb-2015 09:42:42.352 INFO [main] org.apache.catalina.startup.VersionLoggerListener.log CATALINA_BASE:         D:\MyProject
26-Feb-2015 09:42:42.352 INFO [main] org.apache.catalina.startup.VersionLoggerListener.log CATALINA_HOME:         D:\MyProject
26-Feb-2015 09:42:42.353 INFO [main] org.apache.catalina.startup.VersionLoggerListener.log Command line argument: -Djava.util.logging.config.file=D:\MyProject\conf\logging.properties
26-Feb-2015 09:42:42.353 INFO [main] org.apache.catalina.startup.VersionLoggerListener.log Command line argument: -Djava.util.logging.manager=org.apache.juli.ClassLoaderLogManager
26-Feb-2015 09:42:42.353 INFO [main] org.apache.catalina.startup.VersionLoggerListener.log Command line argument: -Djava.endorsed.dirs=D:\MyProject\endorsed
26-Feb-2015 09:42:42.354 INFO [main] org.apache.catalina.startup.VersionLoggerListener.log Command line argument: -Dcatalina.base=D:\MyProject
26-Feb-2015 09:42:42.354 INFO [main] org.apache.catalina.startup.VersionLoggerListener.log Command line argument: -Dcatalina.home=D:\MyProject
26-Feb-2015 09:42:42.355 INFO [main] org.apache.catalina.startup.VersionLoggerListener.log Command line argument: -Djava.io.tmpdir=D:\MyProject\temp
26-Feb-2015 09:42:42.355 INFO [main] org.apache.catalina.core.AprLifecycleListener.lifecycleEvent Loaded APR based Apache Tomcat Native library 1.1.32 using APR version 1.5.1.
26-Feb-2015 09:42:42.356 INFO [main] org.apache.catalina.core.AprLifecycleListener.lifecycleEvent APR capabilities: IPv6 [true], sendfile [true], accept filters [false], random [true].
26-Feb-2015 09:42:43.171 INFO [main] org.apache.catalina.core.AprLifecycleListener.initializeSSL OpenSSL successfully initialized (OpenSSL 1.0.1j 15 Oct 2014)
26-Feb-2015 09:42:43.770 INFO [main] org.apache.coyote.AbstractProtocol.init Initializing ProtocolHandler ["http-apr-8080"]
26-Feb-2015 09:42:43.784 INFO [main] org.apache.coyote.AbstractProtocol.init Initializing ProtocolHandler ["ajp-apr-8009"]
26-Feb-2015 09:42:43.786 INFO [main] org.apache.catalina.startup.Catalina.load Initialization processed in 2698 ms
26-Feb-2015 09:42:44.054 INFO [main] org.apache.catalina.core.StandardService.startInternal Starting service Catalina
26-Feb-2015 09:42:44.055 INFO [main] org.apache.catalina.core.StandardEngine.startInternal Starting Servlet Engine: Apache Tomcat/8.0.20
26-Feb-2015 09:42:44.102 INFO [localhost-startStop-1] org.apache.catalina.startup.HostConfig.deployDirectory Deploying web application directory D:\MyProject\webapps\docs
26-Feb-2015 09:42:44.936 INFO [localhost-startStop-1] org.apache.catalina.util.SessionIdGeneratorBase.createSecureRandom Creation of SecureRandom instance for session ID generation using [SHA1PRNG] took [160] milliseconds.
26-Feb-2015 09:42:44.994 INFO [localhost-startStop-1] org.apache.catalina.startup.HostConfig.deployDirectory Deployment of web application directory D:\MyProject\webapps\docs has finished in 892 ms
26-Feb-2015 09:42:44.995 INFO [localhost-startStop-1] org.apache.catalina.startup.HostConfig.deployDirectory Deploying web application directory D:\MyProject\webapps\examples
26-Feb-2015 09:42:45.590 INFO [localhost-startStop-1] org.apache.catalina.startup.HostConfig.deployDirectory Deployment of web application directory D:\MyProject\webapps\examples has finished in 595 ms
26-Feb-2015 09:42:45.590 INFO [localhost-startStop-1] org.apache.catalina.startup.HostConfig.deployDirectory Deploying web application directory D:\MyProject\webapps\host-manager
26-Feb-2015 09:42:45.622 INFO [localhost-startStop-1] org.apache.catalina.startup.HostConfig.deployDirectory Deployment of web application directory D:\MyProject\webapps\host-manager has finished in 32 ms
26-Feb-2015 09:42:45.623 INFO [localhost-startStop-1] org.apache.catalina.startup.HostConfig.deployDirectory Deploying web application directory D:\MyProject\webapps\manager
26-Feb-2015 09:42:45.649 INFO [localhost-startStop-1] org.apache.catalina.startup.HostConfig.deployDirectory Deployment of web application directory D:\MyProject\webapps\manager has finished in 25 ms
26-Feb-2015 09:42:45.649 INFO [localhost-startStop-1] org.apache.catalina.startup.HostConfig.deployDirectory Deploying web application directory D:\MyProject\webapps\ROOT
26-Feb-2015 09:42:45.672 INFO [localhost-startStop-1] org.apache.catalina.startup.HostConfig.deployDirectory Deployment of web application directory D:\MyProject\webapps\ROOT has finished in 23 ms
26-Feb-2015 09:42:45.676 INFO [main] org.apache.coyote.AbstractProtocol.start Starting ProtocolHandler ["http-apr-8080"]
26-Feb-2015 09:42:45.708 INFO [main] org.apache.coyote.AbstractProtocol.start Starting ProtocolHandler ["ajp-apr-8009"]
26-Feb-2015 09:42:45.709 INFO [main] org.apache.catalina.startup.Catalina.start Server startup in 1921 ms
26-Feb-2015 09:47:36.014 INFO [localhost-startStop-2] org.apache.catalina.startup.HostConfig.deployDirectory Deploying web application directory D:\MyProject\webapps\hello
26-Feb-2015 09:47:36.068 INFO [localhost-startStop-2] org.apache.catalina.startup.HostConfig.deployDirectory Deployment of web application directory D:\MyProject\webapps\hello has finished in 54 ms
26-Feb-2015 09:50:00.309 INFO [Thread-3] org.apache.coyote.AbstractProtocol.pause Pausing ProtocolHandler ["http-apr-8080"]
26-Feb-2015 09:50:00.370 INFO [Thread-3] org.apache.coyote.AbstractProtocol.pause Pausing ProtocolHandler ["ajp-apr-8009"]
26-Feb-2015 09:50:00.421 INFO [Thread-3] org.apache.catalina.core.StandardService.stopInternal Stopping service Catalina
26-Feb-2015 09:50:00.518 INFO [Thread-3] org.apache.coyote.AbstractProtocol.stop Stopping ProtocolHandler ["http-apr-8080"]
26-Feb-2015 09:50:00.571 INFO [Thread-3] org.apache.coyote.AbstractProtocol.stop Stopping ProtocolHandler ["ajp-apr-8009"]
26-Feb-2015 09:50:00.621 INFO [Thread-3] org.apache.coyote.AbstractProtocol.destroy Destroying ProtocolHandler ["http-apr-8080"]
26-Feb-2015 09:50:00.622 INFO [Thread-3] org.apache.coyote.AbstractProtocol.destroy Destroying ProtocolHandler ["ajp-apr-8009"]
26-Feb-2015 09:50:04.322 INFO [main] org.apache.catalina.startup.VersionLoggerListener.log Server version:        Apache Tomcat/8.0.20
26-Feb-2015 09:50:04.323 INFO [main] org.apache.catalina.startup.VersionLoggerListener.log Server built:          Feb 15 2015 18:10:42 UTC
26-Feb-2015 09:50:04.323 INFO [main] org.apache.catalina.startup.VersionLoggerListener.log Server number:         8.0.20.0
26-Feb-2015 09:50:04.323 INFO [main] org.apache.catalina.startup.VersionLoggerListener.log OS Name:               Windows 7
26-Feb-2015 09:50:04.323 INFO [main] org.apache.catalina.startup.VersionLoggerListener.log OS Version:            6.1
26-Feb-2015 09:50:04.324 INFO [main] org.apache.catalina.startup.VersionLoggerListener.log Architecture:          x86
26-Feb-2015 09:50:04.324 INFO [main] org.apache.catalina.startup.VersionLoggerListener.log Java Home:             C:\Program Files\Java\jdk1.8.0_31\jre
26-Feb-2015 09:50:04.324 INFO [main] org.apache.catalina.startup.VersionLoggerListener.log JVM Version:           1.8.0_31-b13
26-Feb-2015 09:50:04.324 INFO [main] org.apache.catalina.startup.VersionLoggerListener.log JVM Vendor:            Oracle Corporation
26-Feb-2015 09:50:04.324 INFO [main] org.apache.catalina.startup.VersionLoggerListener.log CATALINA_BASE:         D:\MyProject
26-Feb-2015 09:50:04.324 INFO [main] org.apache.catalina.startup.VersionLoggerListener.log CATALINA_HOME:         D:\MyProject
26-Feb-2015 09:50:04.325 INFO [main] org.apache.catalina.startup.VersionLoggerListener.log Command line argument: -Djava.util.logging.config.file=D:\MyProject\conf\logging.properties
26-Feb-2015 09:50:04.325 INFO [main] org.apache.catalina.startup.VersionLoggerListener.log Command line argument: -Djava.util.logging.manager=org.apache.juli.ClassLoaderLogManager
26-Feb-2015 09:50:04.325 INFO [main] org.apache.catalina.startup.VersionLoggerListener.log Command line argument: -Djava.endorsed.dirs=D:\MyProject\endorsed
26-Feb-2015 09:50:04.326 INFO [main] org.apache.catalina.startup.VersionLoggerListener.log Command line argument: -Dcatalina.base=D:\MyProject
26-Feb-2015 09:50:04.326 INFO [main] org.apache.catalina.startup.VersionLoggerListener.log Command line argument: -Dcatalina.home=D:\MyProject
26-Feb-2015 09:50:04.326 INFO [main] org.apache.catalina.startup.VersionLoggerListener.log Command line argument: -Djava.io.tmpdir=D:\MyProject\temp
26-Feb-2015 09:50:04.327 INFO [main] org.apache.catalina.core.AprLifecycleListener.lifecycleEvent Loaded APR based Apache Tomcat Native library 1.1.32 using APR version 1.5.1.
26-Feb-2015 09:50:04.327 INFO [main] org.apache.catalina.core.AprLifecycleListener.lifecycleEvent APR capabilities: IPv6 [true], sendfile [true], accept filters [false], random [true].
26-Feb-2015 09:50:04.995 INFO [main] org.apache.catalina.core.AprLifecycleListener.initializeSSL OpenSSL successfully initialized (OpenSSL 1.0.1j 15 Oct 2014)
26-Feb-2015 09:50:05.083 INFO [main] org.apache.coyote.AbstractProtocol.init Initializing ProtocolHandler ["http-apr-8080"]
26-Feb-2015 09:50:05.090 INFO [main] org.apache.coyote.AbstractProtocol.init Initializing ProtocolHandler ["ajp-apr-8009"]
26-Feb-2015 09:50:05.091 INFO [main] org.apache.catalina.startup.Catalina.load Initialization processed in 1045 ms
26-Feb-2015 09:50:05.113 INFO [main] org.apache.catalina.core.StandardService.startInternal Starting service Catalina
26-Feb-2015 09:50:05.113 INFO [main] org.apache.catalina.core.StandardEngine.startInternal Starting Servlet Engine: Apache Tomcat/8.0.20
26-Feb-2015 09:50:05.120 INFO [localhost-startStop-1] org.apache.catalina.startup.HostConfig.deployDirectory Deploying web application directory D:\MyProject\webapps\docs
26-Feb-2015 09:50:05.351 INFO [localhost-startStop-1] org.apache.catalina.startup.HostConfig.deployDirectory Deployment of web application directory D:\MyProject\webapps\docs has finished in 231 ms
26-Feb-2015 09:50:05.352 INFO [localhost-startStop-1] org.apache.catalina.startup.HostConfig.deployDirectory Deploying web application directory D:\MyProject\webapps\examples
26-Feb-2015 09:50:05.640 INFO [localhost-startStop-1] org.apache.catalina.startup.HostConfig.deployDirectory Deployment of web application directory D:\MyProject\webapps\examples has finished in 288 ms
26-Feb-2015 09:50:05.640 INFO [localhost-startStop-1] org.apache.catalina.startup.HostConfig.deployDirectory Deploying web application directory D:\MyProject\webapps\hello
26-Feb-2015 09:50:05.660 INFO [localhost-startStop-1] org.apache.catalina.startup.HostConfig.deployDirectory Deployment of web application directory D:\MyProject\webapps\hello has finished in 20 ms
26-Feb-2015 09:50:05.660 INFO [localhost-startStop-1] org.apache.catalina.startup.HostConfig.deployDirectory Deploying web application directory D:\MyProject\webapps\host-manager
26-Feb-2015 09:50:05.684 INFO [localhost-startStop-1] org.apache.catalina.startup.HostConfig.deployDirectory Deployment of web application directory D:\MyProject\webapps\host-manager has finished in 24 ms
26-Feb-2015 09:50:05.684 INFO [localhost-startStop-1] org.apache.catalina.startup.HostConfig.deployDirectory Deploying web application directory D:\MyProject\webapps\manager
26-Feb-2015 09:50:05.723 INFO [localhost-startStop-1] org.apache.catalina.startup.HostConfig.deployDirectory Deployment of web application directory D:\MyProject\webapps\manager has finished in 39 ms
26-Feb-2015 09:50:05.723 INFO [localhost-startStop-1] org.apache.catalina.startup.HostConfig.deployDirectory Deploying web application directory D:\MyProject\webapps\ROOT
26-Feb-2015 09:50:05.735 INFO [localhost-startStop-1] org.apache.catalina.startup.HostConfig.deployDirectory Deployment of web application directory D:\MyProject\webapps\ROOT has finished in 12 ms
26-Feb-2015 09:50:05.738 INFO [main] org.apache.coyote.AbstractProtocol.start Starting ProtocolHandler ["http-apr-8080"]
26-Feb-2015 09:50:05.744 INFO [main] org.apache.coyote.AbstractProtocol.start Starting ProtocolHandler ["ajp-apr-8009"]
26-Feb-2015 09:50:05.744 INFO [main] org.apache.catalina.startup.Catalina.start Server startup in 653 ms
26-Feb-2015 10:10:27.243 INFO [ContainerBackgroundProcessor[StandardEngine[Catalina]]] org.apache.catalina.startup.HostConfig.reload Reloading context [/hello]
26-Feb-2015 10:10:27.244 INFO [ContainerBackgroundProcessor[StandardEngine[Catalina]]] org.apache.catalina.core.StandardContext.reload Reloading Context with name [/hello] has started
26-Feb-2015 10:10:27.280 INFO [ContainerBackgroundProcessor[StandardEngine[Catalina]]] org.apache.catalina.core.StandardContext.reload Reloading Context with name [/hello] is completed
